zxing/build/outputs/logs/manifest-merger-release-report.txt
-- Merging decision tree log ---
manifest
ADDED from src/main/AndroidManifest.xml:2:1-170:12
INJECTED from src/main/AndroidManifest.xml:2:1-170:12
INJECTED from src/main/AndroidManifest.xml:2:1-170:12
INJECTED from src/main/AndroidManifest.xml:2:1-170:12
INJECTED from src/main/AndroidManifest.xml:2:1-170:12
INJECTED from src/main/AndroidManifest.xml:2:1-170:12
INJECTED from src/main/AndroidManifest.xml:2:1-170:12
	package
		ADDED from src/main/AndroidManifest.xml:3:5-46
		INJECTED from src/main/AndroidManifest.xml
		INJECTED from src/main/AndroidManifest.xml
	android:versionName
		ADDED from src/main/AndroidManifest.xml:6:5-32
		INJECTED from src/main/AndroidManifest.xml
		INJECTED from src/main/AndroidManifest.xml
	xmlns:android
		ADDED from src/main/AndroidManifest.xml:2:11-69
	android:versionCode
		ADDED from src/main/AndroidManifest.xml:5:5-30
		INJECTED from src/main/AndroidManifest.xml
		INJECTED from src/main/AndroidManifest.xml
	android:installLocation
		ADDED from src/main/AndroidManifest.xml:4:5-35
uses-sdk
ADDED from src/main/AndroidManifest.xml:8:5-10:41
INJECTED from src/main/AndroidManifest.xml:8:5-10:41
INJECTED from src/main/AndroidManifest.xml:8:5-10:41
INJECTED from src/main/AndroidManifest.xml:8:5-10:41
INJECTED from src/main/AndroidManifest.xml:8:5-10:41
	android:targetSdkVersion
		ADDED from src/main/AndroidManifest.xml:10:9-38
		INJECTED from src/main/AndroidManifest.xml
		INJECTED from src/main/AndroidManifest.xml
	android:minSdkVersion
		ADDED from src/main/AndroidManifest.xml:9:9-35
		INJECTED from src/main/AndroidManifest.xml
		INJECTED from src/main/AndroidManifest.xml
uses-permission#android.permission.CAMERA
ADDED from src/main/AndroidManifest.xml:12:5-65
	android:name
		ADDED from src/main/AndroidManifest.xml:12:22-62
uses-permission#android.permission.INTERNET
ADDED from src/main/AndroidManifest.xml:13:5-67
	android:name
		ADDED from src/main/AndroidManifest.xml:13:22-64
uses-permission#android.permission.VIBRATE
ADDED from src/main/AndroidManifest.xml:14:5-66
	android:name
		ADDED from src/main/AndroidManifest.xml:14:22-63
uses-permission#android.permission.FLASHLIGHT
ADDED from src/main/AndroidManifest.xml:15:5-69
	android:name
		ADDED from src/main/AndroidManifest.xml:15:22-66
uses-permission#com.android.browser.permission.READ_HISTORY_BOOKMARKS
ADDED from src/main/AndroidManifest.xml:17:5-93
	android:name
		ADDED from src/main/AndroidManifest.xml:17:22-90
uses-permission#android.permission.WRITE_EXTERNAL_STORAGE
ADDED from src/main/AndroidManifest.xml:18:5-81
	android:name
		ADDED from src/main/AndroidManifest.xml:18:22-78
uses-permission#android.permission.CHANGE_WIFI_STATE
ADDED from src/main/AndroidManifest.xml:19:5-76
	android:name
		ADDED from src/main/AndroidManifest.xml:19:22-73
uses-permission#android.permission.ACCESS_WIFI_STATE
ADDED from src/main/AndroidManifest.xml:20:5-76
	android:name
		ADDED from src/main/AndroidManifest.xml:20:22-73
uses-feature#android.hardware.camera.any
ADDED from src/main/AndroidManifest.xml:22:5-64
	android:name
		ADDED from src/main/AndroidManifest.xml:22:19-61
uses-feature#android.hardware.camera.autofocus
ADDED from src/main/AndroidManifest.xml:23:5-25:36
	android:required
		ADDED from src/main/AndroidManifest.xml:25:9-33
	android:name
		ADDED from src/main/AndroidManifest.xml:24:9-57
uses-feature#android.hardware.camera.flash
ADDED from src/main/AndroidManifest.xml:26:5-28:36
	android:required
		ADDED from src/main/AndroidManifest.xml:28:9-33
	android:name
		ADDED from src/main/AndroidManifest.xml:27:9-53
uses-feature#android.hardware.screen.landscape
ADDED from src/main/AndroidManifest.xml:29:5-70
	android:name
		ADDED from src/main/AndroidManifest.xml:29:19-67
uses-feature#android.hardware.wifi
ADDED from src/main/AndroidManifest.xml:30:5-32:36
	android:required
		ADDED from src/main/AndroidManifest.xml:32:9-33
	android:name
		ADDED from src/main/AndroidManifest.xml:31:9-45
application
ADDED from src/main/AndroidManifest.xml:34:5-168:19
	android:allowBackup
		ADDED from src/main/AndroidManifest.xml:35:9-35
	android:logo
		ADDED from src/main/AndroidManifest.xml:36:9-47
activity#com.google.zxing.client.android.BasePermissionActivity
ADDED from src/main/AndroidManifest.xml:37:9-38:53
	android:name
		ADDED from src/main/AndroidManifest.xml:38:13-51
activity#com.google.zxing.client.android.CaptureActivity
ADDED from src/main/AndroidManifest.xml:39:9-100:20
	android:screenOrientation
		ADDED from src/main/AndroidManifest.xml:43:13-55
	android:clearTaskOnLaunch
		ADDED from src/main/AndroidManifest.xml:42:13-45
	android:stateNotNeeded
		ADDED from src/main/AndroidManifest.xml:44:13-42
	android:label
		ADDED from src/main/AndroidManifest.xml:41:13-32
	android:windowSoftInputMode
		ADDED from src/main/AndroidManifest.xml:46:13-60
	android:theme
		ADDED from src/main/AndroidManifest.xml:45:13-48
	android:name
		ADDED from src/main/AndroidManifest.xml:40:13-44
intent-filter#action:name:com.google.zxing.client.android.SCAN+category:name:android.intent.category.DEFAULT
ADDED from src/main/AndroidManifest.xml:47:13-51:29
action#com.google.zxing.client.android.SCAN
ADDED from src/main/AndroidManifest.xml:48:17-79
	android:name
		ADDED from src/main/AndroidManifest.xml:48:25-76
category#android.intent.category.DEFAULT
ADDED from src/main/AndroidManifest.xml:50:17-76
	android:name
		ADDED from src/main/AndroidManifest.xml:50:27-73
intent-filter#action:name:android.intent.action.VIEW+category:name:android.intent.category.BROWSABLE+category:name:android.intent.category.DEFAULT+data:host:zxing.appspot.com+data:path:/scan+data:scheme:http
ADDED from src/main/AndroidManifest.xml:53:13-63:29
action#android.intent.action.VIEW
ADDED from src/main/AndroidManifest.xml:54:17-69
	android:name
		ADDED from src/main/AndroidManifest.xml:54:25-66
category#android.intent.category.BROWSABLE
ADDED from src/main/AndroidManifest.xml:57:17-78
	android:name
		ADDED from src/main/AndroidManifest.xml:57:27-75
data
ADDED from src/main/AndroidManifest.xml:59:17-62:45
	android:path
		ADDED from src/main/AndroidManifest.xml:61:21-41
	android:host
		ADDED from src/main/AndroidManifest.xml:60:21-53
	android:scheme
		ADDED from src/main/AndroidManifest.xml:62:21-42
	android:mimeType
		ADDED from src/main/AndroidManifest.xml:119:23-54
intent-filter#action:name:android.intent.action.VIEW+category:name:android.intent.category.BROWSABLE+category:name:android.intent.category.DEFAULT+data:host:www.google.com+data:path:/m/products/scan+data:scheme:http
ADDED from src/main/AndroidManifest.xml:65:13-75:29
intent-filter#action:name:android.intent.action.VIEW+category:name:android.intent.category.BROWSABLE+category:name:android.intent.category.DEFAULT+data:host:www.google.co.uk+data:path:/m/products/scan+data:scheme:http
ADDED from src/main/AndroidManifest.xml:77:13-87:29
intent-filter#action:name:android.intent.action.VIEW+category:name:android.intent.category.BROWSABLE+category:name:android.intent.category.DEFAULT+data:host:scan+data:path:/+data:scheme:zxing
ADDED from src/main/AndroidManifest.xml:89:13-99:29
activity#com.google.zxing.client.android.PreferencesActivity
ADDED from src/main/AndroidManifest.xml:101:9-104:45
	android:stateNotNeeded
		ADDED from src/main/AndroidManifest.xml:104:13-42
	android:label
		ADDED from src/main/AndroidManifest.xml:103:13-53
	android:name
		ADDED from src/main/AndroidManifest.xml:102:13-48
activity#com.google.zxing.client.android.encode.EncodeActivity
ADDED from src/main/AndroidManifest.xml:105:9-129:20
	android:stateNotNeeded
		ADDED from src/main/AndroidManifest.xml:107:13-42
	android:name
		ADDED from src/main/AndroidManifest.xml:106:13-50
intent-filter#action:name:com.google.zxing.client.android.ENCODE+category:name:android.intent.category.DEFAULT
ADDED from src/main/AndroidManifest.xml:108:13-112:29
action#com.google.zxing.client.android.ENCODE
ADDED from src/main/AndroidManifest.xml:109:17-81
	android:name
		ADDED from src/main/AndroidManifest.xml:109:25-78
intent-filter#action:name:android.intent.action.SEND+category:name:android.intent.category.DEFAULT+data:mimeType:text/x-vcard
ADDED from src/main/AndroidManifest.xml:114:13-120:29
action#android.intent.action.SEND
ADDED from src/main/AndroidManifest.xml:115:17-69
	android:name
		ADDED from src/main/AndroidManifest.xml:115:25-66
intent-filter#action:name:android.intent.action.SEND+category:name:android.intent.category.DEFAULT+data:mimeType:text/plain
ADDED from src/main/AndroidManifest.xml:122:13-128:29
activity#com.google.zxing.client.android.book.SearchBookContentsActivity
ADDED from src/main/AndroidManifest.xml:130:9-140:20
	android:screenOrientation
		ADDED from src/main/AndroidManifest.xml:133:13-56
	android:stateNotNeeded
		ADDED from src/main/AndroidManifest.xml:134:13-42
	android:label
		ADDED from src/main/AndroidManifest.xml:132:13-45
	android:name
		ADDED from src/main/AndroidManifest.xml:131:13-60
intent-filter#action:name:com.google.zxing.client.android.SEARCH_BOOK_CONTENTS+category:name:android.intent.category.DEFAULT
ADDED from src/main/AndroidManifest.xml:135:13-139:29
action#com.google.zxing.client.android.SEARCH_BOOK_CONTENTS
ADDED from src/main/AndroidManifest.xml:136:17-95
	android:name
		ADDED from src/main/AndroidManifest.xml:136:25-92
activity#com.google.zxing.client.android.share.ShareActivity
ADDED from src/main/AndroidManifest.xml:141:9-150:20
	android:screenOrientation
		ADDED from src/main/AndroidManifest.xml:143:13-45
	android:stateNotNeeded
		ADDED from src/main/AndroidManifest.xml:144:13-42
	android:name
		ADDED from src/main/AndroidManifest.xml:142:13-48
intent-filter#action:name:com.google.zxing.client.android.SHARE+category:name:android.intent.category.DEFAULT
ADDED from src/main/AndroidManifest.xml:145:13-149:29
action#com.google.zxing.client.android.SHARE
ADDED from src/main/AndroidManifest.xml:146:17-80
	android:name
		ADDED from src/main/AndroidManifest.xml:146:25-77
activity#com.google.zxing.client.android.history.HistoryActivity
ADDED from src/main/AndroidManifest.xml:151:9-154:45
	android:stateNotNeeded
		ADDED from src/main/AndroidManifest.xml:154:13-42
	android:label
		ADDED from src/main/AndroidManifest.xml:153:13-50
	android:name
		ADDED from src/main/AndroidManifest.xml:152:13-52
activity#com.google.zxing.client.android.share.BookmarkPickerActivity
ADDED from src/main/AndroidManifest.xml:155:9-158:45
	android:stateNotNeeded
		ADDED from src/main/AndroidManifest.xml:158:13-42
	android:label
		ADDED from src/main/AndroidManifest.xml:157:13-57
	android:name
		ADDED from src/main/AndroidManifest.xml:156:13-57
activity#com.google.zxing.client.android.share.AppPickerActivity
ADDED from src/main/AndroidManifest.xml:159:9-162:45
	android:stateNotNeeded
		ADDED from src/main/AndroidManifest.xml:162:13-42
	android:label
		ADDED from src/main/AndroidManifest.xml:161:13-52
	android:name
		ADDED from src/main/AndroidManifest.xml:160:13-52
activity#com.google.zxing.client.android.HelpActivity
ADDED from src/main/AndroidManifest.xml:163:9-167:45
	android:screenOrientation
		ADDED from src/main/AndroidManifest.xml:166:13-45
	android:stateNotNeeded
		ADDED from src/main/AndroidManifest.xml:167:13-42
	android:label
		ADDED from src/main/AndroidManifest.xml:165:13-46
	android:name
		ADDED from src/main/AndroidManifest.xml:164:13-41